<?xml version="1.0" encoding="UTF-8"?>
<!-- Generated by org.testng.reporters.JUnitReportReporter -->
<testsuite hostname="PUN-LAP-SINGHM" failures="0" tests="3" name="com.flight.testRunner.TestRunner" time="37.796" errors="0" timestamp="2023-10-20T09:53:46 IST" skipped="0">
  <testcase classname="com.flight.testRunner.TestRunner" name="newTest" time="18.155"/>
  <system-out/>
  <testcase classname="com.flight.testRunner.TestRunner" name="newTest" time="11.119"/>
  <system-out/>
  <testcase classname="com.flight.testRunner.TestRunner" name="newTest" time="8.522"/>
  <system-out/>
</testsuite> <!-- com.flight.testRunner.TestRunner -->
